"top: [\"bright gold\", \"striped fuchsia\"]"
"top: [\"bright olive\", \"faded maroon\"]"
"top: [\"vibrant olive\", \"bright black\", \"clear tomato\"]"
"top: [\"dark lavender\", \"posh white\"]"
"top: [\"drab olive\", \"dark magenta\"]"
"top: [\"dotted beige\", \"clear chartreuse\", \"pale lime\"]"
"top: [\"dull tomato\"]"
"top: [\"dotted aqua\", \"posh plum\", \"bright blue\"]"
"top: [\"light silver\", \"plaid purple\"]"
"top: [\"pale maroon\", \"bright yellow\"]"
"top: [\"wavy black\", \"plaid tomato\", \"dim silver\", \"plaid salmon\"]"
"top: [\"wavy olive\", \"muted gray\", \"dark indigo\", \"dark chartreuse\"]"
"top: [\"light green\"]"
"top: [\"dark red\", \"dull aqua\", \"drab blue\"]"
"top: [\"dim salmon\", \"dotted beige\", \"pale bronze\"]"
"top: [\"mirrored chartreuse\", \"muted gold\", \"bright beige\", \"dim green\"]"
"top: [\"vibrant tomato\"]"
"top: [\"dotted gray\"]"
"top: [\"shiny silver\", \"plaid olive\", \"clear tan\"]"
"top: [\"posh black\", \"faded maroon\", \"bright gray\"]"
"top: [\"posh fuchsia\", \"drab salmon\", \"posh orange\"]"
"top: [\"bright crimson\", \"dotted salmon\", \"plaid indigo\"]"
"top: [\"posh lime\"]"
"top: [\"light fuchsia\", \"shiny orange\", \"posh lavender\"]"
"top: [\"vibrant turquoise\", \"faded magenta\", \"pale red\", \"mirrored turquoise\"]"
"top: [\"pale maroon\", \"drab green\", \"light green\"]"
"top: [\"pale black\", \"dark coral\", \"dark purple\", \"vibrant blue\"]"
"top: [\"muted brown\"]"
"top: [\"wavy brown\", \"posh lime\", \"mirrored beige\"]"
"top: [\"dark cyan\", \"bright indigo\", \"clear brown\", \"plaid violet\"]"
"top: [\"clear brown\", \"plaid yellow\", \"vibrant crimson\"]"
"top: [\"dark silver\"]"
"top: [\"shiny crimson\", \"clear tomato\", \"muted crimson\"]"
"top: [\"bright olive\"]"
"top: [\"plaid olive\", \"drab white\"]"
"top: [\"faded aqua\", \"muted green\"]"
"top: [\"dark purple\"]"
"top: [\"pale beige\", \"mirrored silver\"]"
"top: [\"wavy brown\", \"dull gray\", \"drab tan\", \"plaid teal\"]"
"top: []"
"top: [\"vibrant green\"]"
"top: [\"vibrant bronze\", \"striped fuchsia\", \"dotted beige\"]"
"top: [\"dotted cyan\", \"vibrant fuchsia\", \"dull violet\"]"
"top: [\"pale gold\", \"mirrored crimson\", \"plaid gold\", \"shiny yellow\"]"
"top: [\"faded chartreuse\"]"
"top: [\"plaid blue\", \"dim green\", \"faded chartreuse\"]"
"top: [\"wavy tomato\", \"striped yellow\"]"
"top: [\"plaid yellow\", \"posh cyan\", \"dim silver\"]"
"top: [\"pale brown\", \"dim tomato\"]"
"top: [\"plaid lavender\", \"striped violet\", \"plaid chartreuse\"]"
"top: [\"striped red\", \"wavy indigo\", \"light tomato\", \"dark cyan\"]"
"top: [\"plaid blue\", \"dotted violet\", \"wavy red\", \"drab beige\"]"
"top: [\"faded tan\"]"
"top: [\"plaid gold\", \"light green\", \"dim blue\", \"posh turquoise\"]"
"top: [\"mirrored salmon\", \"mirrored chartreuse\", \"dull gray\"]"
"top: [\"plaid red\", \"dim chartreuse\", \"muted tomato\"]"
"top: [\"drab gold\", \"posh teal\", \"vibrant bronze\", \"vibrant chartreuse\"]"
"top: [\"drab olive\", \"dark blue\", \"mirrored lavender\", \"shiny indigo\"]"
"top: []"
"top: [\"plaid tan\"]"
"top: [\"light tomato\", \"dim bronze\", \"plaid green\", \"dark maroon\"]"
"top: [\"bright black\", \"dull magenta\", \"shiny indigo\"]"
"top: [\"bright violet\", \"vibrant crimson\"]"
"top: [\"wavy salmon\", \"vibrant green\", \"muted coral\", \"drab bronze\"]"
"top: [\"drab bronze\", \"wavy beige\", \"clear blue\"]"
"top: [\"dotted beige\"]"
"top: [\"clear indigo\", \"pale black\"]"
"top: [\"vibrant green\", \"vibrant crimson\"]"
"top: [\"pale plum\"]"
"top: [\"plaid maroon\"]"
"top: [\"posh gold\", \"dark blue\", \"muted gold\"]"
"top: [\"dull green\", \"vibrant orange\", \"bright gray\"]"
"top: [\"dotted fuchsia\", \"posh turquoise\"]"
"top: [\"drab green\", \"pale plum\", \"shiny indigo\", \"light chartreuse\"]"
"top: [\"dim blue\"]"
"top: [\"muted black\", \"muted green\"]"
"top: [\"pale tomato\", \"dark maroon\"]"
"top: [\"bright magenta\"]"
"top: [\"pale red\", \"vibrant plum\", \"posh indigo\"]"
"top: [\"light red\", \"mirrored chartreuse\", \"dark cyan\"]"
"top: [\"muted turquoise\", \"mirrored blue\", \"faded yellow\", \"pale bronze\"]"
"top: [\"posh black\", \"light maroon\"]"
"top: [\"faded brown\", \"pale aqua\", \"wavy brown\"]"
"top: [\"vibrant green\", \"posh plum\"]"
"top: [\"muted tomato\", \"shiny lavender\"]"
"top: [\"dull tomato\", \"pale crimson\", \"striped yellow\", \"drab salmon\"]"
"top: [\"posh orange\"]"
"top: [\"light white\", \"wavy black\", \"wavy maroon\"]"
"top: [\"light indigo\", \"dull silver\", \"dim green\", \"dim silver\"]"
"top: []"
"top: [\"bright lime\"]"
"top: [\"faded indigo\", \"faded teal\", \"dark green\", \"vibrant bronze\"]"
"top: [\"pale black\", \"dotted white\", \"striped gray\"]"
"top: [\"drab blue\", \"wavy beige\", \"striped red\", \"shiny purple\"]"
"top: [\"muted white\", \"plaid coral\"]"
"top: [\"vibrant maroon\", \"posh gold\"]"
"top: [\"wavy white\"]"
"top: [\"light white\"]"
"top: [\"dull coral\", \"dim fuchsia\"]"
"top: [\"muted olive\"]"
"top: [\"faded chartreuse\", \"dark red\", \"shiny indigo\", \"plaid blue\"]"
"top: [\"striped blue\", \"dark beige\", \"drab silver\", \"dotted blue\"]"
"top: [\"wavy fuchsia\", \"mirrored beige\", \"dim chartreuse\"]"
"top: [\"plaid teal\", \"dark red\", \"dim olive\", \"dim bronze\"]"
"top: [\"muted purple\", \"posh gold\"]"
"top: [\"dark lime\"]"
"top: [\"bright teal\", \"vibrant aqua\", \"plaid yellow\", \"vibrant silver\"]"
"top: [\"wavy white\", \"vibrant aqua\", \"clear tomato\"]"
"top: [\"clear gray\", \"dotted fuchsia\", \"wavy tomato\", \"bright maroon\"]"
"top: [\"drab salmon\", \"light indigo\"]"
"top: [\"wavy beige\"]"
"top: [\"wavy maroon\", \"bright purple\"]"
"top: [\"mirrored tomato\"]"
"top: [\"shiny white\", \"posh crimson\"]"
"top: [\"vibrant gold\", \"faded aqua\"]"
"top: [\"dotted plum\", \"striped crimson\"]"
"top: [\"light maroon\", \"light olive\", \"mirrored tomato\"]"
"top: [\"plaid blue\"]"
"top: [\"vibrant black\", \"drab lavender\", \"dull indigo\", \"faded indigo\"]"
"top: [\"drab gold\", \"plaid violet\"]"
"top: [\"vibrant green\"]"
"top: [\"wavy maroon\", \"wavy white\", \"striped fuchsia\"]"
"top: [\"posh lavender\", \"posh brown\", \"plaid gray\", \"clear red\"]"
"top: [\"posh chartreuse\"]"
"top: [\"dark gray\", \"light purple\", \"dotted magenta\", \"mirrored blue\"]"
"top: [\"clear purple\", \"light cyan\", \"mirrored chartreuse\", \"plaid cyan\"]"
"top: [\"faded violet\", \"clear brown\", \"shiny gold\"]"
"top: [\"dim green\", \"clear brown\"]"
"top: [\"pale lime\", \"muted brown\"]"
"top: [\"wavy salmon\", \"shiny tan\", \"plaid tomato\"]"
"top: [\"muted tomato\"]"
"top: [\"muted lavender\", \"dotted fuchsia\"]"
"top: [\"drab green\", \"striped yellow\", \"vibrant maroon\"]"
"top: [\"plaid blue\", \"bright brown\"]"
"top: [\"dim violet\", \"clear gray\"]"
"top: [\"bright purple\", \"vibrant orange\", \"wavy yellow\", \"drab blue\"]"
"top: [\"shiny white\", \"drab chartreuse\", \"bright orange\"]"
"top: [\"plaid cyan\", \"striped coral\", \"muted violet\", \"wavy brown\"]"
"top: [\"dotted brown\", \"muted green\"]"
"top: [\"mirrored lavender\"]"
"top: [\"drab magenta\"]"
"top: [\"dull tan\", \"pale lime\", \"wavy teal\"]"
"top: [\"dull silver\", \"dim cyan\", \"posh chartreuse\", \"pale maroon\"]"
"top: [\"plaid teal\", \"bright teal\"]"
"top: [\"faded yellow\", \"mirrored salmon\", \"faded coral\", \"clear tan\"]"
"top: [\"dotted magenta\", \"wavy tomato\", \"pale maroon\", \"dull brown\"]"
"top: [\"dotted orange\", \"wavy black\"]"
"top: [\"dark tomato\", \"dim blue\", \"shiny violet\"]"
"top: [\"vibrant green\"]"
"top: [\"faded chartreuse\"]"
"top: [\"light lime\", \"shiny lavender\"]"
"top: [\"vibrant purple\", \"posh cyan\", \"muted red\", \"shiny indigo\"]"
"top: [\"striped black\"]"
"top: [\"plaid orange\", \"striped yellow\"]"
"top: [\"drab fuchsia\"]"
"top: [\"drab olive\"]"
"top: [\"vibrant cyan\", \"striped gray\", \"drab gray\"]"
"top: [\"dark red\", \"shiny crimson\"]"
"top: [\"striped tan\", \"pale magenta\"]"
"top: [\"plaid gray\", \"plaid magenta\", \"faded tan\", \"clear blue\"]"
"top: [\"vibrant silver\", \"pale black\", \"dotted red\"]"
"top: [\"posh lime\", \"bright purple\", \"clear tan\", \"light green\"]"
"top: [\"dark indigo\", \"posh plum\"]"
"top: [\"dark crimson\", \"vibrant aqua\", \"posh lime\", \"faded bronze\"]"
"top: [\"vibrant maroon\", \"dull gray\", \"dark red\", \"pale magenta\"]"
"top: [\"plaid maroon\", \"plaid gold\", \"posh lavender\"]"
"top: [\"faded bronze\", \"dark cyan\", \"shiny purple\", \"drab gold\"]"
"top: [\"dim cyan\", \"shiny coral\", \"light crimson\"]"
"top: [\"dim silver\", \"dim purple\"]"
"top: [\"muted gold\"]"
"top: [\"posh violet\"]"
"top: [\"mirrored lavender\", \"bright lime\", \"posh gold\"]"
"top: [\"faded aqua\", \"dull black\", \"striped magenta\"]"
"top: [\"pale maroon\", \"wavy maroon\", \"dull gray\", \"posh gold\"]"
"top: [\"clear silver\", \"muted silver\", \"faded aqua\", \"drab gold\"]"
"top: [\"drab gray\", \"clear bronze\"]"
"top: [\"shiny salmon\", \"drab bronze\", \"dull gray\"]"
"top: [\"wavy black\", \"muted plum\", \"posh blue\"]"
"top: [\"shiny white\", \"dotted fuchsia\", \"pale black\"]"
"top: [\"plaid red\"]"
"top: [\"faded beige\"]"
"top: []"
"top: [\"dark indigo\", \"striped violet\", \"bright tan\", \"posh salmon\"]"
"top: [\"dotted indigo\", \"dim lavender\", \"wavy yellow\", \"pale gold\"]"
"top: [\"wavy yellow\", \"vibrant lavender\", \"bright black\"]"
"top: [\"wavy green\", \"plaid red\", \"wavy yellow\"]"
"top: [\"drab green\", \"clear chartreuse\", \"plaid yellow\"]"
"top: [\"clear lavender\"]"
"top: [\"pale brown\", \"bright tan\"]"
"top: [\"light olive\"]"
"top: [\"dark red\"]"
"top: [\"mirrored turquoise\", \"dark maroon\"]"
"top: [\"posh turquoise\", \"striped yellow\", \"bright lime\", \"dotted white\"]"
"top: [\"shiny magenta\", \"light maroon\"]"
"top: [\"pale brown\"]"
"top: [\"shiny crimson\", \"muted turquoise\", \"striped fuchsia\", \"vibrant lavender\"]"
"top: [\"dim lime\", \"pale tomato\"]"
"top: [\"drab magenta\", \"clear fuchsia\", \"shiny violet\", \"dark indigo\"]"
"top: [\"mirrored olive\"]"
"top: [\"plaid magenta\", \"bright lavender\"]"
"top: [\"vibrant gold\", \"clear silver\"]"
"top: [\"plaid coral\", \"dark tan\", \"dotted bronze\"]"
"top: [\"wavy brown\", \"wavy beige\"]"
"top: [\"pale turquoise\"]"
"top: [\"plaid gray\", \"striped coral\"]"
"top: [\"striped gray\", \"striped tomato\", \"bright bronze\"]"
"top: [\"bright red\", \"posh coral\", \"wavy aqua\"]"
"top: [\"clear indigo\", \"striped lavender\"]"
"top: [\"mirrored beige\", \"wavy indigo\", \"light coral\", \"mirrored salmon\"]"
"top: [\"drab gray\", \"dark silver\", \"pale maroon\"]"
"top: [\"drab olive\"]"
"top: [\"faded teal\", \"wavy crimson\", \"vibrant beige\"]"
"top: [\"striped purple\", \"pale red\"]"
"top: [\"wavy black\"]"
"top: [\"pale crimson\", \"pale magenta\", \"dull olive\"]"
"top: [\"clear aqua\", \"mirrored plum\", \"pale crimson\"]"
"top: [\"faded cyan\", \"vibrant green\", \"wavy red\"]"
"top: [\"bright red\", \"bright gray\", \"faded bronze\", \"vibrant crimson\"]"
"top: [\"dull tomato\", \"pale gold\", \"striped yellow\"]"
"top: [\"pale plum\", \"bright purple\", \"bright lavender\"]"
"top: [\"drab bronze\", \"wavy coral\", \"bright purple\", \"dark magenta\"]"
"top: [\"clear tomato\", \"drab fuchsia\", \"dull gray\"]"
"top: [\"vibrant maroon\", \"light fuchsia\", \"drab olive\"]"
"top: [\"shiny chartreuse\", \"mirrored fuchsia\", \"bright green\"]"
"top: [\"bright salmon\", \"mirrored salmon\"]"
"top: [\"shiny fuchsia\", \"dotted blue\", \"posh indigo\"]"
"top: [\"striped purple\", \"muted green\", \"vibrant indigo\"]"
"top: [\"posh chartreuse\", \"dark chartreuse\", \"faded indigo\", \"bright purple\"]"
"top: [\"mirrored gray\", \"muted beige\", \"plaid lime\"]"
"top: [\"mirrored lavender\", \"light tomato\", \"clear indigo\"]"
"top: [\"dim fuchsia\", \"plaid teal\", \"plaid gold\", \"plaid coral\"]"
"top: [\"pale olive\", \"shiny crimson\", \"faded silver\"]"
"top: [\"dotted white\", \"plaid coral\", \"dim purple\", \"dim fuchsia\"]"
"top: [\"pale silver\"]"
"top: [\"dull crimson\", \"mirrored tan\"]"
"top: [\"dark turquoise\"]"
"top: [\"mirrored lavender\", \"mirrored blue\", \"faded violet\"]"
"top: [\"pale beige\", \"wavy maroon\", \"pale crimson\", \"striped gray\"]"
"top: [\"bright white\"]"
"top: [\"dark blue\"]"
"top: [\"dim bronze\"]"
"top: []"
"top: [\"pale silver\"]"
"top: [\"drab salmon\", \"striped coral\"]"
"top: [\"vibrant aqua\", \"bright green\", \"vibrant maroon\", \"dim tomato\"]"
"top: [\"bright purple\"]"
"top: [\"plaid bronze\", \"plaid blue\"]"
"top: [\"dull lime\"]"
"top: [\"bright teal\", \"striped yellow\"]"
"top: [\"bright purple\"]"
"top: [\"faded magenta\", \"shiny tan\", \"muted crimson\"]"
"top: [\"faded beige\", \"faded crimson\"]"
"top: [\"drab chartreuse\", \"clear gray\", \"clear indigo\", \"vibrant black\"]"
"top: [\"dark gray\"]"
"top: [\"drab black\"]"
"top: [\"drab cyan\", \"light cyan\", \"clear tan\"]"
"top: [\"faded silver\", \"striped bronze\", \"drab purple\"]"
"top: [\"clear chartreuse\", \"plaid bronze\", \"clear cyan\", \"light tan\"]"
"top: [\"wavy lavender\"]"
"top: [\"muted gold\", \"dark gray\"]"
"top: [\"light tomato\", \"muted white\", \"muted brown\", \"faded yellow\"]"
"top: [\"vibrant aqua\"]"
"top: [\"vibrant orange\", \"dull gray\", \"bright teal\", \"plaid tomato\"]"
"top: [\"striped olive\", \"dull chartreuse\"]"
"top: [\"drab teal\", \"posh gold\"]"
"top: [\"muted turquoise\", \"dull aqua\"]"
"top: [\"mirrored gold\", \"shiny white\", \"faded maroon\", \"dim violet\"]"
"top: [\"wavy beige\", \"dark turquoise\", \"plaid teal\", \"shiny purple\"]"
"top: [\"vibrant cyan\", \"plaid coral\"]"
"top: [\"dotted brown\", \"vibrant cyan\"]"
"top: [\"dim chartreuse\", \"vibrant beige\", \"clear cyan\"]"
"top: [\"plaid red\", \"vibrant aqua\"]"
"top: [\"vibrant gray\"]"
"top: []"
"top: [\"light brown\"]"
"top: [\"dark maroon\", \"dark teal\"]"
"top: [\"striped teal\"]"
"top: [\"light green\", \"light chartreuse\"]"
"top: [\"clear bronze\", \"dotted beige\", \"dark crimson\"]"
"top: [\"light fuchsia\", \"striped coral\"]"
"top: [\"plaid lime\", \"clear plum\"]"
"top: [\"plaid crimson\"]"
"top: [\"dotted blue\", \"drab indigo\", \"clear indigo\"]"
"top: [\"light fuchsia\", \"dim silver\"]"
"top: [\"striped bronze\", \"posh orange\", \"dotted olive\", \"dull cyan\"]"
"top: [\"vibrant gold\", \"vibrant orange\", \"striped red\", \"drab olive\"]"
"top: [\"dark green\", \"light fuchsia\", \"bright orange\"]"
"top: [\"light red\", \"posh plum\", \"drab crimson\", \"faded magenta\"]"
"top: [\"plaid cyan\", \"dull aqua\", \"posh cyan\"]"
"top: [\"dull brown\"]"
"top: [\"mirrored plum\", \"vibrant olive\", \"clear gray\", \"mirrored tomato\"]"
"top: [\"faded indigo\", \"striped yellow\", \"muted tomato\"]"
"top: [\"mirrored white\", \"wavy plum\", \"pale indigo\", \"bright turquoise\"]"
"top: [\"plaid coral\"]"
"top: [\"plaid red\"]"
"top: [\"vibrant teal\", \"posh aqua\", \"faded cyan\"]"
"top: [\"mirrored chartreuse\", \"wavy yellow\"]"
"top: [\"clear gray\", \"striped lavender\", \"striped coral\"]"
"top: [\"bright lime\", \"vibrant bronze\"]"
"top: [\"dull gray\", \"plaid tomato\", \"light green\"]"
"top: [\"dotted brown\", \"dim lavender\", \"muted violet\"]"
"top: [\"drab cyan\"]"
"top: [\"shiny tan\", \"dark turquoise\", \"wavy beige\"]"
"top: [\"vibrant aqua\", \"pale brown\"]"
"top: [\"dark cyan\", \"drab chartreuse\", \"clear tomato\"]"
"top: [\"pale lime\", \"muted brown\", \"dull gray\"]"
"top: [\"dotted white\", \"drab olive\", \"plaid red\", \"plaid blue\"]"
"top: [\"posh gold\", \"dull green\", \"wavy brown\"]"
"top: [\"shiny gold\", \"dark red\", \"faded chartreuse\", \"vibrant orange\"]"
"top: [\"dotted white\", \"light green\", \"vibrant gold\", \"mirrored lavender\"]"
"top: [\"striped lavender\", \"plaid lime\", \"clear aqua\", \"mirrored salmon\"]"
"top: [\"vibrant fuchsia\", \"light gold\", \"striped gray\"]"
"top: [\"mirrored lavender\"]"
"top: [\"mirrored indigo\", \"plaid crimson\", \"faded aqua\", \"clear violet\"]"
"top: [\"shiny tan\"]"
"top: [\"light green\"]"
"top: [\"pale maroon\", \"shiny lavender\", \"dark beige\", \"light red\"]"
"top: [\"dotted magenta\", \"drab gray\", \"clear gray\"]"
"top: [\"plaid orange\", \"vibrant bronze\"]"
"top: [\"plaid lavender\", \"clear tomato\", \"striped crimson\"]"
"top: [\"plaid blue\", \"pale tan\", \"light brown\", \"faded indigo\"]"
"top: [\"mirrored lavender\", \"dark red\", \"dull aqua\"]"
"top: [\"mirrored maroon\", \"bright blue\"]"
"top: [\"bright lavender\", \"light green\", \"striped yellow\", \"drab olive\"]"
"top: [\"muted green\", \"dim cyan\", \"drab yellow\"]"
"top: [\"drab blue\"]"
"top: [\"bright lavender\", \"vibrant aqua\", \"bright beige\", \"dull olive\"]"
"top: [\"muted salmon\"]"
"top: [\"mirrored turquoise\", \"pale bronze\"]"
"top: [\"dark bronze\", \"drab yellow\", \"clear salmon\"]"
"top: [\"vibrant tan\", \"wavy maroon\", \"faded crimson\"]"
"top: [\"dark indigo\", \"bright purple\", \"dotted white\", \"muted gold\"]"
"top: [\"plaid olive\"]"
"top: [\"vibrant coral\", \"light brown\", \"wavy tan\", \"clear tomato\"]"
"top: [\"vibrant olive\", \"vibrant tomato\", \"wavy red\", \"bright orange\"]"
"top: [\"striped yellow\", \"dull brown\", \"clear silver\"]"
"top: [\"posh maroon\", \"drab silver\"]"
"top: [\"vibrant maroon\", \"posh plum\", \"shiny indigo\"]"
"top: [\"dull silver\", \"bright aqua\", \"striped bronze\"]"
"top: [\"dim white\", \"bright bronze\", \"drab violet\"]"
"top: [\"striped white\", \"light turquoise\", \"light maroon\"]"
"top: [\"dull coral\", \"dark gray\", \"bright red\", \"posh blue\"]"
"top: [\"striped violet\", \"light red\"]"
"top: [\"posh maroon\", \"dark maroon\", \"shiny tan\", \"faded chartreuse\"]"
"top: [\"dim yellow\", \"dark coral\", \"wavy plum\"]"
"top: [\"pale gray\", \"striped coral\", \"dotted green\"]"
"top: [\"shiny purple\", \"mirrored lavender\"]"
"top: [\"clear aqua\", \"bright orange\"]"
"top: [\"striped plum\"]"
"top: [\"shiny coral\", \"bright purple\"]"
"top: [\"faded violet\", \"drab salmon\", \"vibrant orange\"]"
"top: [\"plaid crimson\"]"
"top: [\"dim fuchsia\", \"dark red\", \"shiny crimson\"]"
"top: [\"pale tan\", \"shiny teal\", \"plaid cyan\", \"pale green\"]"
"top: [\"vibrant orange\", \"mirrored fuchsia\", \"vibrant coral\", \"bright purple\"]"
"top: [\"vibrant gray\", \"dark red\", \"vibrant bronze\"]"
"top: [\"pale maroon\", \"striped maroon\"]"
"top: [\"shiny coral\", \"posh gold\"]"
"top: [\"pale plum\", \"plaid teal\"]"
"top: [\"dark olive\", \"dim lime\", \"bright crimson\", \"dim fuchsia\"]"
"top: [\"posh plum\", \"dim tan\", \"bright indigo\"]"
"top: [\"vibrant purple\", \"mirrored orange\", \"drab green\"]"
"top: [\"pale plum\", \"bright orange\", \"posh bronze\", \"light yellow\"]"
"top: [\"drab blue\", \"plaid lavender\"]"
"top: [\"vibrant bronze\", \"pale violet\", \"pale magenta\", \"dim salmon\"]"
"top: [\"shiny purple\", \"faded tan\", \"light gold\", \"vibrant olive\"]"
"top: [\"posh maroon\", \"clear olive\", \"muted beige\", \"dim violet\"]"
"top: [\"posh gold\", \"dark blue\", \"vibrant gold\"]"
"top: [\"striped fuchsia\", \"shiny white\"]"
"top: [\"bright salmon\"]"
"top: [\"light green\", \"posh gold\", \"mirrored lavender\"]"
"top: [\"dull bronze\", \"drab blue\"]"
"top: [\"shiny indigo\", \"bright purple\", \"dotted white\", \"vibrant orange\"]"
"top: [\"clear purple\", \"mirrored cyan\", \"striped bronze\"]"
"top: [\"light black\"]"
"top: [\"shiny white\", \"mirrored blue\"]"
"top: [\"plaid gold\", \"vibrant lavender\", \"plaid tomato\", \"dull silver\"]"
"top: [\"wavy maroon\", \"muted brown\", \"faded violet\"]"
"top: [\"pale maroon\", \"shiny indigo\", \"dull bronze\", \"light green\"]"
"top: []"
"top: [\"posh plum\", \"vibrant beige\", \"clear plum\"]"
"top: [\"pale beige\", \"dull beige\", \"dark black\"]"
"top: [\"plaid coral\", \"vibrant lime\", \"pale silver\"]"
"top: []"
"top: [\"vibrant aqua\", \"posh cyan\"]"
"top: [\"light green\"]"
"top: [\"dotted magenta\"]"
"top: [\"dull beige\", \"light turquoise\", \"pale violet\", \"pale beige\"]"
"top: [\"wavy yellow\", \"shiny indigo\", \"wavy maroon\", \"mirrored lavender\"]"
"top: [\"striped crimson\"]"
"top: [\"dull black\"]"
"top: [\"wavy cyan\"]"
"top: [\"drab olive\"]"
"top: [\"vibrant cyan\", \"striped gray\", \"plaid yellow\"]"
"top: [\"mirrored lavender\", \"posh maroon\", \"pale gold\", \"clear gray\"]"
"top: [\"clear silver\", \"vibrant lavender\", \"wavy olive\"]"
"top: [\"faded tan\"]"
"top: [\"clear aqua\", \"striped crimson\", \"dull black\"]"
"top: [\"vibrant tan\", \"vibrant fuchsia\"]"
"top: [\"muted lavender\", \"drab crimson\", \"dotted red\"]"
"top: [\"bright teal\", \"dim olive\", \"posh brown\", \"striped gray\"]"
"top: []"
"top: [\"mirrored maroon\", \"pale gray\"]"
"top: [\"dull gray\", \"shiny purple\", \"vibrant gold\"]"
"top: [\"posh teal\", \"vibrant cyan\"]"
"top: [\"shiny silver\", \"mirrored lavender\"]"
"top: [\"muted brown\", \"light green\", \"pale lime\"]"
"top: [\"shiny coral\", \"drab tan\", \"dark blue\"]"
"top: [\"dim olive\", \"pale lime\", \"plaid lavender\", \"wavy brown\"]"
"top: [\"pale brown\", \"faded violet\", \"dull gray\", \"dim green\"]"
"top: [\"wavy brown\"]"
"top: [\"vibrant plum\", \"striped crimson\", \"dim violet\"]"
"top: [\"wavy brown\", \"light green\", \"plaid orange\"]"
"top: [\"posh black\", \"mirrored orange\"]"
"top: [\"pale lime\"]"
"top: [\"plaid blue\"]"
"top: [\"drab gold\"]"
"top: [\"wavy white\"]"
"top: [\"mirrored beige\", \"vibrant maroon\", \"light green\"]"
"top: [\"dark cyan\", \"mirrored fuchsia\"]"
"top: [\"vibrant maroon\", \"striped coral\", \"plaid crimson\", \"dotted magenta\"]"
"top: [\"muted brown\", \"clear plum\", \"posh plum\"]"
"top: [\"dotted lime\", \"posh violet\", \"dotted indigo\"]"
"top: [\"light brown\", \"plaid maroon\", \"bright aqua\", \"plaid red\"]"
"top: [\"drab bronze\", \"faded yellow\", \"vibrant gold\"]"
"top: [\"vibrant plum\"]"
"top: [\"posh red\"]"
"top: [\"drab gray\", \"clear chartreuse\", \"posh blue\"]"
"top: [\"vibrant indigo\", \"dotted indigo\", \"mirrored silver\"]"
"top: [\"vibrant white\", \"clear chartreuse\"]"
"top: [\"dull aqua\", \"bright yellow\"]"
"top: [\"mirrored beige\", \"striped gray\", \"dim chartreuse\", \"dim brown\"]"
"top: [\"dark turquoise\", \"drab gold\"]"
"top: [\"striped magenta\", \"shiny tomato\"]"
"top: [\"shiny coral\", \"pale brown\", \"light green\"]"
"top: [\"shiny silver\", \"plaid blue\", \"shiny coral\"]"
"top: [\"clear plum\", \"bright aqua\", \"bright lime\"]"
"top: [\"posh lavender\", \"light brown\"]"
"top: [\"drab yellow\", \"dotted bronze\"]"
"top: [\"wavy turquoise\", \"vibrant beige\"]"
"top: [\"pale brown\", \"drab olive\", \"dark red\", \"striped gray\"]"
"top: [\"dark cyan\", \"vibrant green\"]"
"top: [\"light bronze\", \"drab black\"]"
"top: [\"striped gray\"]"
"top: [\"dotted coral\", \"striped magenta\"]"
"top: [\"dull beige\", \"striped silver\"]"
"top: [\"pale black\"]"
"top: [\"posh turquoise\", \"vibrant aqua\", \"shiny white\"]"
"top: [\"dotted aqua\", \"striped black\", \"pale lime\", \"dotted violet\"]"
"top: [\"dim chartreuse\", \"pale black\"]"
"top: [\"plaid bronze\", \"vibrant tan\", \"posh tomato\"]"
"top: [\"plaid gold\", \"dim chartreuse\", \"pale green\"]"
"top: [\"striped turquoise\", \"drab chartreuse\", \"plaid maroon\"]"
"top: [\"posh chartreuse\"]"
"top: [\"muted black\"]"
"top: [\"dark white\", \"mirrored plum\"]"
"top: [\"bright lavender\"]"
"top: [\"bright tomato\", \"light gold\", \"bright aqua\", \"striped red\"]"
"top: [\"plaid yellow\"]"
"top: [\"pale maroon\"]"
"top: [\"pale maroon\", \"dark beige\", \"mirrored lime\", \"bright purple\"]"
"top: [\"pale magenta\", \"mirrored lavender\", \"plaid gold\"]"
"top: [\"plaid maroon\", \"light turquoise\", \"posh purple\", \"wavy beige\"]"
"top: [\"dim salmon\", \"wavy fuchsia\", \"vibrant olive\"]"
"top: [\"posh aqua\", \"striped black\"]"
"top: [\"plaid olive\", \"striped lavender\"]"
"top: [\"vibrant aqua\"]"
"top: [\"plaid maroon\", \"muted coral\", \"light brown\"]"
"top: [\"striped red\", \"shiny gold\", \"light green\", \"dark blue\"]"
"top: [\"muted tomato\", \"dim cyan\"]"
"top: [\"dim fuchsia\", \"dark indigo\"]"
"top: [\"dim silver\", \"vibrant cyan\", \"plaid coral\", \"bright purple\"]"
"top: [\"dull bronze\", \"bright lime\"]"
"top: [\"plaid coral\", \"dull indigo\", \"drab chartreuse\", \"vibrant gold\"]"
"top: [\"wavy green\", \"bright purple\", \"dark cyan\"]"
"top: [\"light green\"]"
"top: [\"bright white\"]"
"top: [\"pale magenta\"]"
"top: [\"pale violet\", \"pale brown\"]"
"top: [\"shiny tan\", \"vibrant tan\"]"
"top: [\"drab chartreuse\", \"vibrant orange\", \"plaid red\", \"faded yellow\"]"
"top: [\"dotted bronze\", \"dotted brown\"]"
"top: [\"bright orange\"]"
"top: [\"striped yellow\"]"
"top: [\"dull bronze\", \"dull aqua\"]"
"top: [\"plaid teal\", \"striped blue\", \"posh magenta\"]"
"top: [\"drab bronze\"]"
"top: [\"dotted bronze\", \"light olive\"]"
"top: [\"posh purple\", \"dull magenta\", \"dim silver\", \"bright indigo\"]"
"top: [\"faded aqua\", \"dull beige\", \"plaid coral\", \"pale black\"]"
"top: [\"muted salmon\", \"bright salmon\", \"posh magenta\", \"dim brown\"]"
"top: [\"dim tomato\"]"
"top: [\"vibrant crimson\", \"posh turquoise\", \"faded yellow\"]"
"top: [\"faded chartreuse\", \"faded beige\", \"shiny coral\"]"
"top: [\"bright red\", \"clear brown\", \"shiny salmon\", \"vibrant orange\"]"
"top: [\"plaid tomato\", \"muted turquoise\", \"clear salmon\"]"
"top: [\"mirrored lavender\", \"bright yellow\", \"clear black\", \"posh lavender\"]"
"top: [\"dim salmon\"]"
"top: [\"plaid magenta\"]"
"top: [\"muted gold\", \"light brown\", \"vibrant green\"]"
"top: [\"plaid violet\", \"vibrant white\"]"
"top: [\"clear chartreuse\", \"pale violet\", \"vibrant crimson\"]"
"top: [\"posh cyan\", \"clear silver\"]"
"top: [\"drab tan\", \"dull indigo\"]"
"top: [\"dark maroon\"]"
"top: [\"muted gold\", \"dark blue\", \"mirrored lavender\"]"
"top: [\"drab blue\", \"vibrant bronze\"]"
"top: [\"clear gold\", \"dim tomato\", \"posh crimson\", \"drab gray\"]"
"top: [\"wavy maroon\", \"dim green\", \"shiny tan\"]"
"top: [\"clear cyan\", \"dull silver\"]"
"top: [\"dim green\", \"faded violet\", \"posh cyan\", \"pale brown\"]"
"top: [\"bright indigo\"]"
"top: [\"dark red\", \"posh cyan\"]"
"top: [\"drab salmon\", \"shiny coral\", \"faded beige\", \"shiny magenta\"]"
"top: [\"clear orange\"]"
"top: [\"bright tan\", \"dim cyan\", \"plaid chartreuse\", \"clear orange\"]"
"top: [\"clear tomato\"]"
"top: [\"mirrored lavender\", \"drab green\"]"
"top: [\"striped yellow\", \"drab olive\", \"bright purple\"]"
"top: [\"dull indigo\", \"mirrored lavender\", \"posh salmon\"]"
"top: [\"dim tan\", \"dotted brown\", \"drab green\"]"
"top: [\"shiny crimson\", \"bright salmon\"]"
"top: [\"dull brown\"]"
"top: [\"wavy bronze\", \"plaid green\", \"drab fuchsia\", \"wavy red\"]"
"top: [\"bright black\", \"clear brown\"]"
"top: [\"dark salmon\"]"
"top: [\"mirrored tan\", \"shiny coral\", \"clear tan\"]"
"top: [\"bright red\", \"light yellow\", \"vibrant olive\"]"
"top: [\"drab maroon\", \"posh black\", \"vibrant blue\"]"
"top: [\"faded coral\", \"clear black\", \"dark chartreuse\", \"pale tan\"]"
"top: [\"wavy black\"]"
"top: [\"plaid maroon\", \"posh blue\", \"posh crimson\", \"bright teal\"]"
"top: [\"muted coral\", \"drab tan\"]"
"top: [\"light gray\", \"plaid cyan\", \"dark lime\"]"
"top: [\"plaid red\", \"bright aqua\"]"
"top: [\"muted crimson\", \"bright black\"]"
"top: [\"dark red\", \"vibrant crimson\", \"vibrant maroon\", \"mirrored lavender\"]"
"top: [\"drab turquoise\", \"posh purple\"]"
"top: [\"plaid blue\", \"dark white\", \"bright magenta\", \"drab lime\"]"
"top: [\"dotted red\", \"light fuchsia\", \"light crimson\", \"striped yellow\"]"
"top: [\"shiny crimson\", \"vibrant silver\"]"
"top: [\"bright lavender\"]"
"top: [\"muted chartreuse\"]"
"top: [\"posh crimson\", \"wavy red\"]"
"top: [\"pale tan\", \"posh orange\", \"shiny chartreuse\"]"
"top: [\"drab green\", \"drab tan\"]"
"top: [\"posh gold\", \"dull green\", \"pale tan\"]"
"top: [\"plaid olive\", \"posh cyan\"]"
"top: [\"plaid chartreuse\", \"muted bronze\"]"
"top: [\"dim chartreuse\", \"faded aqua\"]"
"top: [\"plaid orange\"]"
"top: [\"mirrored turquoise\", \"plaid gray\"]"
"top: [\"dull red\"]"
"top: [\"posh brown\", \"wavy white\", \"muted fuchsia\", \"clear plum\"]"
"top: [\"wavy white\", \"plaid lavender\", \"dull aqua\", \"bright purple\"]"
"top: [\"plaid green\", \"dull aqua\"]"
"top: [\"plaid magenta\", \"bright orange\"]"
"top: [\"muted brown\"]"
"top: [\"dim tomato\"]"
"top: [\"muted turquoise\", \"wavy maroon\"]"
"top: [\"muted coral\", \"shiny beige\", \"light red\", \"faded beige\"]"
"top: [\"mirrored lavender\", \"mirrored beige\", \"striped red\"]"
"top: [\"striped fuchsia\", \"mirrored tan\", \"dull bronze\", \"posh plum\"]"
"top: [\"light cyan\", \"vibrant crimson\", \"faded cyan\"]"
"top: [\"plaid yellow\", \"drab white\", \"drab lime\", \"dim orange\"]"
"top: [\"light tomato\", \"wavy bronze\", \"mirrored fuchsia\"]"
"top: [\"posh turquoise\", \"mirrored fuchsia\", \"dotted beige\"]"
"top: [\"faded coral\", \"plaid indigo\", \"dark violet\", \"posh indigo\"]"
"top: [\"bright teal\"]"
"top: [\"posh turquoise\", \"dull black\", \"faded violet\"]"
"top: [\"drab blue\"]"
"top: [\"mirrored chartreuse\", \"muted red\", \"vibrant purple\"]"
"top: [\"dim fuchsia\", \"shiny tan\", \"dull indigo\", \"pale plum\"]"
"top: [\"plaid fuchsia\", \"muted teal\"]"
"top: [\"drab green\", \"dim salmon\", \"light crimson\", \"muted turquoise\"]"
"top: [\"mirrored cyan\", \"dull bronze\", \"dim brown\"]"
"top: [\"pale beige\", \"plaid salmon\"]"
"top: [\"faded violet\"]"
"top: [\"posh lime\", \"dotted white\", \"dim lime\"]"
"top: [\"clear green\", \"light cyan\", \"light chartreuse\", \"dark lime\"]"
"top: [\"wavy beige\", \"muted cyan\", \"dark turquoise\", \"posh green\"]"
"top: [\"wavy salmon\", \"wavy olive\", \"posh green\"]"
"top: []"
"top: [\"dark red\"]"
"top: [\"striped teal\", \"faded brown\", \"light silver\", \"muted beige\"]"
"top: [\"shiny coral\", \"dull tomato\", \"wavy teal\", \"faded tan\"]"
"top: [\"dull magenta\"]"
"top: [\"mirrored lavender\", \"shiny salmon\", \"plaid lavender\"]"
"top: [\"shiny yellow\", \"dim plum\"]"
"top: [\"plaid red\", \"pale lime\", \"bright lime\"]"
"top: [\"light green\"]"
"top: [\"drab bronze\", \"bright red\", \"posh cyan\"]"
"top: [\"mirrored beige\", \"muted crimson\", \"vibrant orange\", \"posh turquoise\"]"
"top: [\"faded tan\", \"vibrant maroon\"]"
["wavy orange", "striped green", "mirrored red", "pale gray", "striped purple", "faded fuchsia", "dim gray", "dull red", "light violet", "shiny fuchsia", "light salmon", "dull magenta", "shiny turquoise", "wavy blue", "muted beige", "light silver", "light plum", "drab plum", "clear gray", "dim coral", "dotted olive", "mirrored olive", "vibrant salmon", "dull purple", "mirrored teal", "striped olive", "dark cyan", "vibrant tomato", "faded bronze", "clear fuchsia", "muted cyan", "light coral", "plaid gray", "bright crimson", "drab red", "plaid silver", "striped indigo", "bright green", "dotted gold", "muted olive", "dark brown", "wavy gray", "pale olive", "vibrant violet", "vibrant red", "striped plum", "vibrant chartreuse", "dark teal", "bright silver", "dull orange", "dim purple", "pale cyan", "faded green", "muted plum", "light olive", "dim white", "light cyan", "faded silver", "plaid turquoise", "faded blue", "dark salmon", "dim black", "clear magenta", "vibrant plum", "pale teal", "plaid green", "posh chartreuse", "muted salmon", "light indigo", "dull coral", "dotted maroon", "faded salmon", "striped gold", "faded gray", "mirrored chartreuse", "dim lavender", "shiny olive", "striped orange", "dim yellow", "muted teal", "pale orange", "drab turquoise", "posh fuchsia", "pale turquoise", "pale lavender", "drab indigo", "dotted gray", "dim orange", "light lime", "faded turquoise", "wavy lime", "dim crimson", "clear gold", "faded orange", "muted blue", "muted chartreuse", "wavy silver", "pale beige", "posh silver", "dull gold", "dotted indigo", "wavy gold", "wavy magenta", "vibrant purple", "dark lavender", "pale indigo", "bright cyan", "clear beige", "mirrored crimson", "striped salmon", "posh coral", "dark tan", "clear coral", "muted bronze", "plaid brown"]
115
115
